{"/Users/andriankanta/Desktop/WDI/NODE/lab/app.js":{"path":"/Users/andriankanta/Desktop/WDI/NODE/lab/app.js","s":{"1":1,"2":1,"3":1,"4":1,"5":1,"6":1,"7":1,"8":1,"9":1,"10":1,"11":1,"12":1,"13":1,"14":1,"15":1,"16":1,"17":1,"18":1,"19":1,"20":1,"21":0,"22":0,"23":0,"24":1,"25":1,"26":1,"27":1,"28":1,"29":1,"30":1,"31":1,"32":1,"33":1},"b":{"1":[1,1],"2":[1,0],"3":[1,1],"4":[1,1]},"f":{"1":0,"2":1,"3":1},"fnMap":{"1":{"name":"(anonymous_1)","line":30,"loc":{"start":{"line":30,"column":8},"end":{"line":30,"column":33}}},"2":{"name":"(anonymous_2)","line":41,"loc":{"start":{"line":41,"column":10},"end":{"line":41,"column":40}}},"3":{"name":"(anonymous_3)","line":52,"loc":{"start":{"line":52,"column":8},"end":{"line":52,"column":38}}}},"statementMap":{"1":{"start":{"line":1,"column":0},"end":{"line":1,"column":33}},"2":{"start":{"line":2,"column":0},"end":{"line":2,"column":27}},"3":{"start":{"line":3,"column":0},"end":{"line":3,"column":39}},"4":{"start":{"line":4,"column":0},"end":{"line":4,"column":31}},"5":{"start":{"line":5,"column":0},"end":{"line":5,"column":44}},"6":{"start":{"line":6,"column":0},"end":{"line":6,"column":40}},"7":{"start":{"line":8,"column":0},"end":{"line":8,"column":41}},"8":{"start":{"line":9,"column":0},"end":{"line":9,"column":38}},"9":{"start":{"line":11,"column":0},"end":{"line":11,"column":20}},"10":{"start":{"line":12,"column":0},"end":{"line":12,"column":35}},"11":{"start":{"line":15,"column":0},"end":{"line":15,"column":48}},"12":{"start":{"line":16,"column":0},"end":{"line":16,"column":31}},"13":{"start":{"line":20,"column":0},"end":{"line":20,"column":23}},"14":{"start":{"line":21,"column":0},"end":{"line":21,"column":27}},"15":{"start":{"line":22,"column":0},"end":{"line":22,"column":52}},"16":{"start":{"line":23,"column":0},"end":{"line":23,"column":24}},"17":{"start":{"line":24,"column":0},"end":{"line":24,"column":56}},"18":{"start":{"line":26,"column":0},"end":{"line":26,"column":21}},"19":{"start":{"line":27,"column":0},"end":{"line":27,"column":25}},"20":{"start":{"line":30,"column":0},"end":{"line":34,"column":3}},"21":{"start":{"line":31,"column":2},"end":{"line":31,"column":35}},"22":{"start":{"line":32,"column":2},"end":{"line":32,"column":19}},"23":{"start":{"line":33,"column":2},"end":{"line":33,"column":12}},"24":{"start":{"line":40,"column":0},"end":{"line":48,"column":1}},"25":{"start":{"line":41,"column":2},"end":{"line":47,"column":5}},"26":{"start":{"line":42,"column":4},"end":{"line":42,"column":34}},"27":{"start":{"line":43,"column":4},"end":{"line":46,"column":7}},"28":{"start":{"line":52,"column":0},"end":{"line":58,"column":3}},"29":{"start":{"line":53,"column":2},"end":{"line":53,"column":32}},"30":{"start":{"line":54,"column":2},"end":{"line":57,"column":5}},"31":{"start":{"line":60,"column":0},"end":{"line":62,"column":2}},"32":{"start":{"line":61,"column":2},"end":{"line":61,"column":49}},"33":{"start":{"line":63,"column":0},"end":{"line":63,"column":21}}},"branchMap":{"1":{"line":12,"type":"binary-expr","locations":[{"start":{"line":12,"column":13},"end":{"line":12,"column":29}},{"start":{"line":12,"column":31},"end":{"line":12,"column":35}}]},"2":{"line":40,"type":"if","locations":[{"start":{"line":40,"column":0},"end":{"line":40,"column":0}},{"start":{"line":40,"column":0},"end":{"line":40,"column":0}}]},"3":{"line":42,"type":"binary-expr","locations":[{"start":{"line":42,"column":15},"end":{"line":42,"column":25}},{"start":{"line":42,"column":29},"end":{"line":42,"column":32}}]},"4":{"line":53,"type":"binary-expr","locations":[{"start":{"line":53,"column":13},"end":{"line":53,"column":23}},{"start":{"line":53,"column":27},"end":{"line":53,"column":30}}]}}},"/Users/andriankanta/Desktop/WDI/NODE/lab/routes/candies.js":{"path":"/Users/andriankanta/Desktop/WDI/NODE/lab/routes/candies.js","s":{"1":1,"2":1,"3":1,"4":16,"5":16,"6":16,"7":1,"8":0,"9":1,"10":1,"11":5,"12":1,"13":4,"14":1,"15":4,"16":4,"17":3,"18":3,"19":1,"20":1,"21":1,"22":1,"23":2,"24":2,"25":1,"26":1,"27":1,"28":1,"29":1,"30":1},"b":{"1":[3,1]},"f":{"1":16,"2":0},"fnMap":{"1":{"name":"(anonymous_1)","line":4,"loc":{"start":{"line":4,"column":11},"end":{"line":4,"column":36}}},"2":{"name":"(anonymous_2)","line":11,"loc":{"start":{"line":11,"column":16},"end":{"line":11,"column":41}}}},"statementMap":{"1":{"start":{"line":1,"column":0},"end":{"line":1,"column":33}},"2":{"start":{"line":2,"column":0},"end":{"line":2,"column":30}},"3":{"start":{"line":4,"column":0},"end":{"line":8,"column":3}},"4":{"start":{"line":5,"column":1},"end":{"line":5,"column":48}},"5":{"start":{"line":6,"column":1},"end":{"line":6,"column":94}},"6":{"start":{"line":7,"column":1},"end":{"line":7,"column":8}},"7":{"start":{"line":11,"column":0},"end":{"line":13,"column":3}},"8":{"start":{"line":12,"column":1},"end":{"line":12,"column":43}},"9":{"start":{"line":15,"column":0},"end":{"line":20,"column":2}},"10":{"start":{"line":23,"column":0},"end":{"line":25,"column":2}},"11":{"start":{"line":24,"column":1},"end":{"line":24,"column":29}},"12":{"start":{"line":28,"column":0},"end":{"line":30,"column":3}},"13":{"start":{"line":29,"column":1},"end":{"line":29,"column":47}},"14":{"start":{"line":33,"column":0},"end":{"line":53,"column":3}},"15":{"start":{"line":34,"column":3},"end":{"line":34,"column":25}},"16":{"start":{"line":35,"column":3},"end":{"line":40,"column":4}},"17":{"start":{"line":36,"column":5},"end":{"line":38,"column":7}},"18":{"start":{"line":39,"column":5},"end":{"line":39,"column":11}},"19":{"start":{"line":41,"column":3},"end":{"line":46,"column":6}},"20":{"start":{"line":47,"column":3},"end":{"line":51,"column":4}},"21":{"start":{"line":52,"column":3},"end":{"line":52,"column":21}},"22":{"start":{"line":56,"column":0},"end":{"line":65,"column":3}},"23":{"start":{"line":57,"column":1},"end":{"line":61,"column":27}},"24":{"start":{"line":62,"column":3},"end":{"line":62,"column":41}},"25":{"start":{"line":63,"column":3},"end":{"line":63,"column":45}},"26":{"start":{"line":64,"column":3},"end":{"line":64,"column":47}},"27":{"start":{"line":67,"column":0},"end":{"line":70,"column":3}},"28":{"start":{"line":68,"column":1},"end":{"line":68,"column":67}},"29":{"start":{"line":69,"column":1},"end":{"line":69,"column":34}},"30":{"start":{"line":72,"column":0},"end":{"line":72,"column":24}}},"branchMap":{"1":{"line":35,"type":"if","locations":[{"start":{"line":35,"column":3},"end":{"line":35,"column":3}},{"start":{"line":35,"column":3},"end":{"line":35,"column":3}}]}}},"/Users/andriankanta/Desktop/WDI/NODE/lab/routes/users.js":{"path":"/Users/andriankanta/Desktop/WDI/NODE/lab/routes/users.js","s":{"1":1,"2":1,"3":1,"4":0,"5":1},"b":{},"f":{"1":0},"fnMap":{"1":{"name":"(anonymous_1)","line":5,"loc":{"start":{"line":5,"column":16},"end":{"line":5,"column":41}}}},"statementMap":{"1":{"start":{"line":1,"column":0},"end":{"line":1,"column":33}},"2":{"start":{"line":2,"column":0},"end":{"line":2,"column":30}},"3":{"start":{"line":5,"column":0},"end":{"line":7,"column":3}},"4":{"start":{"line":6,"column":2},"end":{"line":6,"column":38}},"5":{"start":{"line":9,"column":0},"end":{"line":9,"column":24}}},"branchMap":{}}}