TN:
SF:/Users/andriankanta/Desktop/WDI/NODE/lab/app.js
FN:30,(anonymous_1)
FN:41,(anonymous_2)
FN:52,(anonymous_3)
FNF:3
FNH:2
FNDA:0,(anonymous_1)
FNDA:1,(anonymous_2)
FNDA:1,(anonymous_3)
DA:1,1
DA:2,1
DA:3,1
DA:4,1
DA:5,1
DA:6,1
DA:8,1
DA:9,1
DA:11,1
DA:12,1
DA:15,1
DA:16,1
DA:20,1
DA:21,1
DA:22,1
DA:23,1
DA:24,1
DA:26,1
DA:27,1
DA:30,1
DA:31,0
DA:32,0
DA:33,0
DA:40,1
DA:41,1
DA:42,1
DA:43,1
DA:52,1
DA:53,1
DA:54,1
DA:60,1
DA:61,1
DA:63,1
LF:33
LH:30
BRDA:12,1,0,1
BRDA:12,1,1,1
BRDA:40,2,0,1
BRDA:40,2,1,0
BRDA:42,3,0,1
BRDA:42,3,1,1
BRDA:53,4,0,1
BRDA:53,4,1,1
BRF:8
BRH:7
end_of_record
TN:
SF:/Users/andriankanta/Desktop/WDI/NODE/lab/routes/candies.js
FN:4,(anonymous_1)
FN:11,(anonymous_2)
FNF:2
FNH:1
FNDA:16,(anonymous_1)
FNDA:0,(anonymous_2)
DA:1,1
DA:2,1
DA:4,1
DA:5,16
DA:6,16
DA:7,16
DA:11,1
DA:12,0
DA:15,1
DA:23,1
DA:24,5
DA:28,1
DA:29,4
DA:33,1
DA:34,4
DA:35,4
DA:36,3
DA:39,3
DA:41,1
DA:47,1
DA:52,1
DA:56,1
DA:57,2
DA:62,2
DA:63,1
DA:64,1
DA:67,1
DA:68,1
DA:69,1
DA:72,1
LF:30
LH:29
BRDA:35,1,0,3
BRDA:35,1,1,1
BRF:2
BRH:2
end_of_record
TN:
SF:/Users/andriankanta/Desktop/WDI/NODE/lab/routes/users.js
FN:5,(anonymous_1)
FNF:1
FNH:0
FNDA:0,(anonymous_1)
DA:1,1
DA:2,1
DA:5,1
DA:6,0
DA:9,1
LF:5
LH:4
BRF:0
BRH:0
end_of_record
